<?xml version='1.0'?>
<ns2:test-suite xmlns:ns2='urn:model.allure.qatools.yandex.ru' start='1599207833913' stop='1599207844401'>
    <name>Role page : </name>
    <title>Role page : </title>
    <test-cases>
        <test-case start='1599207833913' status='failed' stop='1599207844398'>
            <name>validation of deletion of existing role</name>
            <title>validation of deletion of existing role</title>
            <labels/>
            <parameters/>
            <steps/>
            <attachments/>
            <failure>
                <message>NoSuchAlertError: no such alert
                  (Session info: chrome=85.0.4183.83)
                  (Driver info: chromedriver=84.0.4147.30 (48b3e868b4cc0aa7e8149519690b6f6949e110a8-refs/branch-heads/4147@{#310}),platform=Windows NT 10.0.17763 x86_64)</message>
                <stack-trace>NoSuchAlertError: no such alert
                  (Session info: chrome=85.0.4183.83)
                  (Driver info: chromedriver=84.0.4147.30 (48b3e868b4cc0aa7e8149519690b6f6949e110a8-refs/branch-heads/4147@{#310}),platform=Windows NT 10.0.17763 x86_64)
                    at Object.checkLegacyResponse (C:\Users\suchakraborty\AppData\Roaming\npm\node_modules\protractor\node_modules\selenium-webdriver\lib\error.js:546:15)
                    at parseHttpResponse (C:\Users\suchakraborty\AppData\Roaming\npm\node_modules\protractor\node_modules\selenium-webdriver\lib\http.js:509:13)
                    at C:\Users\suchakraborty\AppData\Roaming\npm\node_modules\protractor\node_modules\selenium-webdriver\lib\http.js:441:30
                    at processTicksAndRejections (internal/process/task_queues.js:97:5)
                From: Task: WebDriver.switchTo().alert()
                    at Driver.schedule (C:\Users\suchakraborty\AppData\Roaming\npm\node_modules\protractor\node_modules\selenium-webdriver\lib\webdriver.js:807:17)
                    at TargetLocator.alert (C:\Users\suchakraborty\AppData\Roaming\npm\node_modules\protractor\node_modules\selenium-webdriver\lib\webdriver.js:1862:29)
                    at RolePage.deleteExistingRoleAlertMessage (C:\Users\suchakraborty\Documents\SVN Projects\UserManagemetProtector\pages\rolePage.js:107:28)
                    at UserContext.&lt;anonymous> (C:\Users\suchakraborty\Documents\SVN Projects\UserManagemetProtector\tests\rolepageTest.js:61:17)
                    at processTicksAndRejections (internal/process/task_queues.js:97:5)</stack-trace>
            </failure>
        </test-case>
        <test-case start='1599207844398' status='pending' stop='1599207844399'>
            <name>Validate presence of roles table</name>
            <title>Validate presence of roles table</title>
            <labels/>
            <parameters/>
            <steps/>
            <attachments/>
            <failure>
                <message>This test was ignored</message>
                <stack-trace></stack-trace>
            </failure>
        </test-case>
        <test-case start='1599207844399' status='pending' stop='1599207844399'>
            <name>validate number of roles created</name>
            <title>validate number of roles created</title>
            <labels/>
            <parameters/>
            <steps/>
            <attachments/>
            <failure>
                <message>This test was ignored</message>
                <stack-trace></stack-trace>
            </failure>
        </test-case>
        <test-case start='1599207844400' status='pending' stop='1599207844400'>
            <name>validation of new role creation</name>
            <title>validation of new role creation</title>
            <labels/>
            <parameters/>
            <steps/>
            <attachments/>
            <failure>
                <message>This test was ignored</message>
                <stack-trace></stack-trace>
            </failure>
        </test-case>
    </test-cases>
</ns2:test-suite>