<?xml version='1.0'?>
<ns2:test-suite xmlns:ns2='urn:model.allure.qatools.yandex.ru' start='1599144077857' stop='1599144082888'>
    <name>Role page : </name>
    <title>Role page : </title>
    <test-cases>
        <test-case start='1599144077858' status='failed' stop='1599144082881'>
            <name>validation of deletion of existing role</name>
            <title>validation of deletion of existing role</title>
            <labels/>
            <parameters/>
            <steps/>
            <attachments/>
            <failure>
                <message>TypeError: ele.isPresent is not a function</message>
                <stack-trace>TypeError: ele.isPresent is not a function
                    at C:\Users\suchakraborty\Documents\SVN Projects\UserManagemetProtector\utils\utils.js:24:15
                    at C:\Users\suchakraborty\AppData\Roaming\npm\node_modules\protractor\node_modules\selenium-webdriver\lib\webdriver.js:938:14
                    at TaskQueue.execute_ (C:\Users\suchakraborty\AppData\Roaming\npm\node_modules\protractor\node_modules\selenium-webdriver\lib\promise.js:3084:14)
                    at TaskQueue.executeNext_ (C:\Users\suchakraborty\AppData\Roaming\npm\node_modules\protractor\node_modules\selenium-webdriver\lib\promise.js:3067:27)
                    at C:\Users\suchakraborty\AppData\Roaming\npm\node_modules\protractor\node_modules\selenium-webdriver\lib\promise.js:2974:25
                    at C:\Users\suchakraborty\AppData\Roaming\npm\node_modules\protractor\node_modules\selenium-webdriver\lib\promise.js:668:7
                    at processTicksAndRejections (internal/process/task_queues.js:97:5)
                From: Task: &lt;anonymous>
                    at pollCondition (C:\Users\suchakraborty\AppData\Roaming\npm\node_modules\protractor\node_modules\selenium-webdriver\lib\promise.js:2195:19)
                    at C:\Users\suchakraborty\AppData\Roaming\npm\node_modules\protractor\node_modules\selenium-webdriver\lib\promise.js:2191:7
                    at new ManagedPromise (C:\Users\suchakraborty\AppData\Roaming\npm\node_modules\protractor\node_modules\selenium-webdriver\lib\promise.js:1077:7)
                    at ControlFlow.promise (C:\Users\suchakraborty\AppData\Roaming\npm\node_modules\protractor\node_modules\selenium-webdriver\lib\promise.js:2505:12)
                    at C:\Users\suchakraborty\AppData\Roaming\npm\node_modules\protractor\node_modules\selenium-webdriver\lib\promise.js:2190:22
                    at TaskQueue.execute_ (C:\Users\suchakraborty\AppData\Roaming\npm\node_modules\protractor\node_modules\selenium-webdriver\lib\promise.js:3084:14)
                    at TaskQueue.executeNext_ (C:\Users\suchakraborty\AppData\Roaming\npm\node_modules\protractor\node_modules\selenium-webdriver\lib\promise.js:3067:27)
                    at C:\Users\suchakraborty\AppData\Roaming\npm\node_modules\protractor\node_modules\selenium-webdriver\lib\promise.js:2927:27
                    at C:\Users\suchakraborty\AppData\Roaming\npm\node_modules\protractor\node_modules\selenium-webdriver\lib\promise.js:668:7
                    at processTicksAndRejections (internal/process/task_queues.js:97:5)
                From: Task: Element function() {
                        if (utilpage.isElementPresent(this.editRole))
                            this.editRole.click();
                    } is not present
                    at scheduleWait (C:\Users\suchakraborty\AppData\Roaming\npm\node_modules\protractor\node_modules\selenium-webdriver\lib\promise.js:2188:20)
                    at ControlFlow.wait (C:\Users\suchakraborty\AppData\Roaming\npm\node_modules\protractor\node_modules\selenium-webdriver\lib\promise.js:2517:12)
                    at Driver.wait (C:\Users\suchakraborty\AppData\Roaming\npm\node_modules\protractor\node_modules\selenium-webdriver\lib\webdriver.js:934:29)
                    at run (C:\Users\suchakraborty\AppData\Roaming\npm\node_modules\protractor\built\browser.js:58:33)
                    at ProtractorBrowser.to.&lt;computed> [as wait] (C:\Users\suchakraborty\AppData\Roaming\npm\node_modules\protractor\built\browser.js:66:16)
                    at Function.isElementPresent (C:\Users\suchakraborty\Documents\SVN Projects\UserManagemetProtector\utils\utils.js:23:18)
                    at RolePage.editRole (C:\Users\suchakraborty\Documents\SVN Projects\UserManagemetProtector\pages\rolePage.js:82:22)
                    at UserContext.&lt;anonymous> (C:\Users\suchakraborty\Documents\SVN Projects\UserManagemetProtector\tests\rolepageTest.js:57:17)
                    at processTicksAndRejections (internal/process/task_queues.js:97:5)</stack-trace>
            </failure>
        </test-case>
        <test-case start='1599144082882' status='pending' stop='1599144082885'>
            <name>Validate presence of roles table</name>
            <title>Validate presence of roles table</title>
            <labels/>
            <parameters/>
            <steps/>
            <attachments/>
            <failure>
                <message>This test was ignored</message>
                <stack-trace></stack-trace>
            </failure>
        </test-case>
        <test-case start='1599144082885' status='pending' stop='1599144082886'>
            <name>validate number of roles created</name>
            <title>validate number of roles created</title>
            <labels/>
            <parameters/>
            <steps/>
            <attachments/>
            <failure>
                <message>This test was ignored</message>
                <stack-trace></stack-trace>
            </failure>
        </test-case>
        <test-case start='1599144082886' status='pending' stop='1599144082887'>
            <name>validation of new role creation</name>
            <title>validation of new role creation</title>
            <labels/>
            <parameters/>
            <steps/>
            <attachments/>
            <failure>
                <message>This test was ignored</message>
                <stack-trace></stack-trace>
            </failure>
        </test-case>
    </test-cases>
</ns2:test-suite>