<?xml version='1.0'?>
<ns2:test-suite xmlns:ns2='urn:model.allure.qatools.yandex.ru' start='1599476897221' stop='1599476922316'>
    <name>Role page : </name>
    <title>Role page : </title>
    <test-cases>
        <test-case start='1599476897221' status='failed' stop='1599476922309'>
            <name>validation of deletion of existing role</name>
            <title>validation of deletion of existing role</title>
            <labels/>
            <parameters/>
            <steps/>
            <attachments/>
            <failure>
                <message>TimeoutError: Element [object Object] is not present
                Wait timed out after 20009ms</message>
                <stack-trace>TimeoutError: Element [object Object] is not present
                Wait timed out after 20009ms
                    at C:\Users\suchakraborty\AppData\Roaming\npm\node_modules\protractor\node_modules\selenium-webdriver\lib\promise.js:2201:17
                    at ManagedPromise.invokeCallback_ (C:\Users\suchakraborty\AppData\Roaming\npm\node_modules\protractor\node_modules\selenium-webdriver\lib\promise.js:1376:14)
                    at TaskQueue.execute_ (C:\Users\suchakraborty\AppData\Roaming\npm\node_modules\protractor\node_modules\selenium-webdriver\lib\promise.js:3084:14)
                    at TaskQueue.executeNext_ (C:\Users\suchakraborty\AppData\Roaming\npm\node_modules\protractor\node_modules\selenium-webdriver\lib\promise.js:3067:27)
                    at C:\Users\suchakraborty\AppData\Roaming\npm\node_modules\protractor\node_modules\selenium-webdriver\lib\promise.js:2927:27
                    at C:\Users\suchakraborty\AppData\Roaming\npm\node_modules\protractor\node_modules\selenium-webdriver\lib\promise.js:668:7
                    at runMicrotasks (&lt;anonymous>)
                    at processTicksAndRejections (internal/process/task_queues.js:97:5)
                From: Task: Element [object Object] is not present
                    at scheduleWait (C:\Users\suchakraborty\AppData\Roaming\npm\node_modules\protractor\node_modules\selenium-webdriver\lib\promise.js:2188:20)
                    at ControlFlow.wait (C:\Users\suchakraborty\AppData\Roaming\npm\node_modules\protractor\node_modules\selenium-webdriver\lib\promise.js:2517:12)
                    at Driver.wait (C:\Users\suchakraborty\AppData\Roaming\npm\node_modules\protractor\node_modules\selenium-webdriver\lib\webdriver.js:934:29)
                    at run (C:\Users\suchakraborty\AppData\Roaming\npm\node_modules\protractor\built\browser.js:58:33)
                    at ProtractorBrowser.to.&lt;computed> [as wait] (C:\Users\suchakraborty\AppData\Roaming\npm\node_modules\protractor\built\browser.js:66:16)
                    at Function.isElementPresent (C:\Users\suchakraborty\Documents\SVN Projects\UserManagemetProtector\utils\utils.js:23:18)
                    at RolePage.deleteExistingRole (C:\Users\suchakraborty\Documents\SVN Projects\UserManagemetProtector\pages\rolePage.js:99:26)
                    at UserContext.&lt;anonymous> (C:\Users\suchakraborty\Documents\SVN Projects\UserManagemetProtector\tests\rolepageTest.js:59:23)
                    at processTicksAndRejections (internal/process/task_queues.js:97:5)</stack-trace>
            </failure>
        </test-case>
        <test-case start='1599476922310' status='pending' stop='1599476922313'>
            <name>Validate presence of roles table</name>
            <title>Validate presence of roles table</title>
            <labels/>
            <parameters/>
            <steps/>
            <attachments/>
            <failure>
                <message>This test was ignored</message>
                <stack-trace></stack-trace>
            </failure>
        </test-case>
        <test-case start='1599476922313' status='pending' stop='1599476922314'>
            <name>validate number of roles created</name>
            <title>validate number of roles created</title>
            <labels/>
            <parameters/>
            <steps/>
            <attachments/>
            <failure>
                <message>This test was ignored</message>
                <stack-trace></stack-trace>
            </failure>
        </test-case>
        <test-case start='1599476922314' status='pending' stop='1599476922314'>
            <name>validation of new role creation</name>
            <title>validation of new role creation</title>
            <labels/>
            <parameters/>
            <steps/>
            <attachments/>
            <failure>
                <message>This test was ignored</message>
                <stack-trace></stack-trace>
            </failure>
        </test-case>
    </test-cases>
</ns2:test-suite>