<?xml version='1.0'?>
<ns2:test-suite xmlns:ns2='urn:model.allure.qatools.yandex.ru' start='1599577504920' stop='1599577507099'>
    <name>LoginPage Test:</name>
    <title>LoginPage Test:</title>
    <test-cases>
        <test-case start='1599577504921' status='failed' stop='1599577507092'>
            <name>Validation Sign in Functionality</name>
            <title>Validation Sign in Functionality</title>
            <labels/>
            <parameters/>
            <steps/>
            <attachments/>
            <failure>
                <message>Error: Error while running testForAngular: no such window: target window already closed
                from unknown error: web view not found
                  (Session info: chrome=85.0.4183.83)
                  (Driver info: chromedriver=84.0.4147.30 (48b3e868b4cc0aa7e8149519690b6f6949e110a8-refs/branch-heads/4147@{#310}),platform=Windows NT 10.0.17763 x86_64)</message>
                <stack-trace>Error: Error while running testForAngular: no such window: target window already closed
                from unknown error: web view not found
                  (Session info: chrome=85.0.4183.83)
                  (Driver info: chromedriver=84.0.4147.30 (48b3e868b4cc0aa7e8149519690b6f6949e110a8-refs/branch-heads/4147@{#310}),platform=Windows NT 10.0.17763 x86_64)
                    at C:\Users\suchakraborty\AppData\Roaming\npm\node_modules\protractor\built\browser.js:725:23
                    at ManagedPromise.invokeCallback_ (C:\Users\suchakraborty\AppData\Roaming\npm\node_modules\protractor\node_modules\selenium-webdriver\lib\promise.js:1376:14)
                    at TaskQueue.execute_ (C:\Users\suchakraborty\AppData\Roaming\npm\node_modules\protractor\node_modules\selenium-webdriver\lib\promise.js:3084:14)
                    at TaskQueue.executeNext_ (C:\Users\suchakraborty\AppData\Roaming\npm\node_modules\protractor\node_modules\selenium-webdriver\lib\promise.js:3067:27)
                    at C:\Users\suchakraborty\AppData\Roaming\npm\node_modules\protractor\node_modules\selenium-webdriver\lib\promise.js:2927:27
                    at C:\Users\suchakraborty\AppData\Roaming\npm\node_modules\protractor\node_modules\selenium-webdriver\lib\promise.js:668:7
                    at processTicksAndRejections (internal/process/task_queues.js:97:5)</stack-trace>
            </failure>
        </test-case>
        <test-case start='1599577507093' status='pending' stop='1599577507097'>
            <name>Validation login Page Title</name>
            <title>Validation login Page Title</title>
            <labels/>
            <parameters/>
            <steps/>
            <attachments/>
            <failure>
                <message>This test was ignored</message>
                <stack-trace></stack-trace>
            </failure>
        </test-case>
        <test-case start='1599577507097' status='pending' stop='1599577507098'>
            <name>Validation locked user Error Message</name>
            <title>Validation locked user Error Message</title>
            <labels/>
            <parameters/>
            <steps/>
            <attachments/>
            <failure>
                <message>This test was ignored</message>
                <stack-trace></stack-trace>
            </failure>
        </test-case>
        <test-case start='1599577507098' status='pending' stop='1599577507098'>
            <name>Validation Deleted user error message</name>
            <title>Validation Deleted user error message</title>
            <labels/>
            <parameters/>
            <steps/>
            <attachments/>
            <failure>
                <message>This test was ignored</message>
                <stack-trace></stack-trace>
            </failure>
        </test-case>
    </test-cases>
</ns2:test-suite>