<?xml version='1.0'?>
<ns2:test-suite xmlns:ns2='urn:model.allure.qatools.yandex.ru' start='1598973508567' stop='1598973542860'>
    <name>LoginPage Test:</name>
    <title>LoginPage Test:</title>
    <test-cases>
        <test-case start='1598973508568' status='failed' stop='1598973542853'>
            <name>Validation Sign in Functionality</name>
            <title>Validation Sign in Functionality</title>
            <labels/>
            <parameters/>
            <steps/>
            <attachments/>
            <failure>
                <message>Error: Angular could not be found on the page http://localhost:8000/. If this is not an Angular application, you may need to turn off waiting for Angular.
                                          Please see 
                                          https://github.com/angular/protractor/blob/master/docs/timeouts.md#waiting-for-angular-on-page-load</message>
                <stack-trace>Error: Angular could not be found on the page http://localhost:8000/. If this is not an Angular application, you may need to turn off waiting for Angular.
                                          Please see 
                                          https://github.com/angular/protractor/blob/master/docs/timeouts.md#waiting-for-angular-on-page-load
                    at C:\Users\suchakraborty\AppData\Roaming\npm\node_modules\protractor\built\browser.js:718:27
                    at ManagedPromise.invokeCallback_ (C:\Users\suchakraborty\AppData\Roaming\npm\node_modules\protractor\node_modules\selenium-webdriver\lib\promise.js:1376:14)
                    at TaskQueue.execute_ (C:\Users\suchakraborty\AppData\Roaming\npm\node_modules\protractor\node_modules\selenium-webdriver\lib\promise.js:3084:14)
                    at TaskQueue.executeNext_ (C:\Users\suchakraborty\AppData\Roaming\npm\node_modules\protractor\node_modules\selenium-webdriver\lib\promise.js:3067:27)
                    at C:\Users\suchakraborty\AppData\Roaming\npm\node_modules\protractor\node_modules\selenium-webdriver\lib\promise.js:2927:27
                    at C:\Users\suchakraborty\AppData\Roaming\npm\node_modules\protractor\node_modules\selenium-webdriver\lib\promise.js:668:7
                    at processTicksAndRejections (internal/process/task_queues.js:97:5)</stack-trace>
            </failure>
        </test-case>
        <test-case start='1598973542854' status='pending' stop='1598973542858'>
            <name>Validation login Page Title</name>
            <title>Validation login Page Title</title>
            <labels/>
            <parameters/>
            <steps/>
            <attachments/>
            <failure>
                <message>This test was ignored</message>
                <stack-trace></stack-trace>
            </failure>
        </test-case>
        <test-case start='1598973542858' status='pending' stop='1598973542859'>
            <name>Validation locked user Error Message</name>
            <title>Validation locked user Error Message</title>
            <labels/>
            <parameters/>
            <steps/>
            <attachments/>
            <failure>
                <message>This test was ignored</message>
                <stack-trace></stack-trace>
            </failure>
        </test-case>
        <test-case start='1598973542859' status='pending' stop='1598973542859'>
            <name>Validation Deleted user error message</name>
            <title>Validation Deleted user error message</title>
            <labels/>
            <parameters/>
            <steps/>
            <attachments/>
            <failure>
                <message>This test was ignored</message>
                <stack-trace></stack-trace>
            </failure>
        </test-case>
    </test-cases>
</ns2:test-suite>